<?xml version="1.0" encoding="UTF-8"?>
<testng-results ignored="0" total="3" passed="3" failed="0" skipped="0">
  <reporter-output>
  </reporter-output>
  <suite started-at="2022-08-03T09:37:15Z" name="Suite" finished-at="2022-08-03T09:37:18Z" duration-ms="3479">
    <groups>
      <group name="cucumber">
        <method signature="AbstractTestNGCucumberTests.runScenario(io.cucumber.testng.PickleWrapper, io.cucumber.testng.FeatureWrapper)[pri:0, instance:runner.TestRunner@202b0582]" name="runScenario" class="io.cucumber.testng.AbstractTestNGCucumberTests"/>
      </group> <!-- cucumber -->
    </groups>
    <test started-at="2022-08-03T09:37:15Z" name="API Testing" finished-at="2022-08-03T09:37:18Z" duration-ms="3479">
      <class name="runner.TestRunner">
        <test-method is-config="true" signature="setUpClass(org.testng.ITestContext)[pri:0, instance:runner.TestRunner@202b0582]" started-at="2022-08-03T15:07:15Z" name="setUpClass" finished-at="2022-08-03T15:07:15Z" duration-ms="533" status="PASS">
          <params>
            <param index="0">
              <value>
                <![CDATA[org.testng.TestRunner@2e4eda17]]>
              </value>
            </param>
          </params>
          <reporter-output>
          </reporter-output>
        </test-method> <!-- setUpClass -->
        <test-method signature="runScenario(io.cucumber.testng.PickleWrapper, io.cucumber.testng.FeatureWrapper)[pri:0, instance:runner.TestRunner@202b0582]" started-at="2022-08-03T15:07:15Z" name="runScenario" description="Runs Cucumber Scenarios" data-provider="scenarios" finished-at="2022-08-03T15:07:17Z" duration-ms="1945" status="PASS">
          <params>
            <param index="0">
              <value>
                <![CDATA["To validate the Place Id Creation"]]>
              </value>
            </param>
            <param index="1">
              <value>
                <![CDATA["Creating, Updating and deleting functionality of Google API"]]>
              </value>
            </param>
          </params>
          <reporter-output>
          </reporter-output>
        </test-method> <!-- runScenario -->
        <test-method signature="runScenario(io.cucumber.testng.PickleWrapper, io.cucumber.testng.FeatureWrapper)[pri:0, instance:runner.TestRunner@202b0582]" started-at="2022-08-03T15:07:17Z" name="runScenario" description="Runs Cucumber Scenarios" data-provider="scenarios" finished-at="2022-08-03T15:07:18Z" duration-ms="496" status="PASS">
          <params>
            <param index="0">
              <value>
                <![CDATA["To validate the Place Id Updation"]]>
              </value>
            </param>
            <param index="1">
              <value>
                <![CDATA["Creating, Updating and deleting functionality of Google API"]]>
              </value>
            </param>
          </params>
          <reporter-output>
          </reporter-output>
        </test-method> <!-- runScenario -->
        <test-method signature="runScenario(io.cucumber.testng.PickleWrapper, io.cucumber.testng.FeatureWrapper)[pri:0, instance:runner.TestRunner@202b0582]" started-at="2022-08-03T15:07:18Z" name="runScenario" description="Runs Cucumber Scenarios" data-provider="scenarios" finished-at="2022-08-03T15:07:18Z" duration-ms="442" status="PASS">
          <params>
            <param index="0">
              <value>
                <![CDATA["To validate the Place Id Deletion"]]>
              </value>
            </param>
            <param index="1">
              <value>
                <![CDATA["Creating, Updating and deleting functionality of Google API"]]>
              </value>
            </param>
          </params>
          <reporter-output>
          </reporter-output>
        </test-method> <!-- runScenario -->
        <test-method is-config="true" signature="tearDownClass()[pri:0, instance:runner.TestRunner@202b0582]" started-at="2022-08-03T15:07:18Z" name="tearDownClass" finished-at="2022-08-03T15:07:18Z" duration-ms="51" status="PASS">
          <reporter-output>
          </reporter-output>
        </test-method> <!-- tearDownClass -->
      </class> <!-- runner.TestRunner -->
    </test> <!-- API Testing -->
  </suite> <!-- Suite -->
</testng-results>
